{"C:\\Users\\vbellamt\\Documents\\New folder\\movie-box-office\\src\\show.service.js": {"path":"C:\\Users\\vbellamt\\Documents\\New folder\\movie-box-office\\src\\show.service.js","statementMap":{"0":{"start":{"line":3,"column":4},"end":{"line":3,"column":67}},"1":{"start":{"line":6,"column":4},"end":{"line":6,"column":32}},"2":{"start":{"line":7,"column":4},"end":{"line":7,"column":56}},"3":{"start":{"line":10,"column":4},"end":{"line":10,"column":35}},"4":{"start":{"line":11,"column":4},"end":{"line":11,"column":67}},"5":{"start":{"line":14,"column":4},"end":{"line":14,"column":40}},"6":{"start":{"line":15,"column":4},"end":{"line":15,"column":52}},"7":{"start":{"line":19,"column":4},"end":{"line":19,"column":63}}},"fnMap":{"0":{"name":"getshow","decl":{"start":{"line":2,"column":16},"end":{"line":2,"column":23}},"loc":{"start":{"line":2,"column":29},"end":{"line":4,"column":1}},"line":2},"1":{"name":"viewShowDetails","decl":{"start":{"line":5,"column":16},"end":{"line":5,"column":31}},"loc":{"start":{"line":5,"column":35},"end":{"line":8,"column":1}},"line":5},"2":{"name":"viewEpisodeDetails","decl":{"start":{"line":9,"column":16},"end":{"line":9,"column":34}},"loc":{"start":{"line":9,"column":38},"end":{"line":12,"column":1}},"line":9},"3":{"name":"getAllShows","decl":{"start":{"line":13,"column":16},"end":{"line":13,"column":27}},"loc":{"start":{"line":13,"column":29},"end":{"line":16,"column":1}},"line":13},"4":{"name":"castDetails","decl":{"start":{"line":17,"column":16},"end":{"line":17,"column":27}},"loc":{"start":{"line":17,"column":31},"end":{"line":20,"column":1}},"line":17}},"branchMap":{},"s":{"0":0,"1":0,"2":0,"3":0,"4":0,"5":0,"6":0,"7":0},"f":{"0":0,"1":0,"2":0,"3":0,"4":0},"b":{},"_coverageSchema":"43e27e138ebf9cfc5966b082cf9a028302ed4184","hash":"6ec34989f71ab3bef5145dda56df2389c4ef1ff8"}
,"C:\\Users\\vbellamt\\Documents\\New folder\\movie-box-office\\src\\components\\Header.vue": {"path":"C:\\Users\\vbellamt\\Documents\\New folder\\movie-box-office\\src\\components\\Header.vue","statementMap":{"0":{"start":{"line":23,"column":0},"end":{"line":23,"column":null}}},"fnMap":{},"branchMap":{},"s":{"0":2},"f":{},"b":{}}
,"C:\\Users\\vbellamt\\Documents\\New folder\\movie-box-office\\src\\components\\Search.vue": {"path":"C:\\Users\\vbellamt\\Documents\\New folder\\movie-box-office\\src\\components\\Search.vue","statementMap":{"0":{"start":{"line":17,"column":0},"end":{"line":17,"column":null}},"1":{"start":{"line":25,"column":0},"end":{"line":25,"column":null}}},"fnMap":{"0":{"name":"(anonymous_1)","decl":{"start":{"line":16,"column":0},"end":{"line":16,"column":null}},"loc":{"start":{"line":16,"column":0},"end":{"line":20,"column":null}}},"1":{"name":"(anonymous_2)","decl":{"start":{"line":22,"column":0},"end":{"line":22,"column":null}},"loc":{"start":{"line":22,"column":0},"end":{"line":26,"column":null}}}},"branchMap":{},"s":{"0":3,"1":2},"f":{"0":3,"1":2},"b":{}}
,"C:\\Users\\vbellamt\\Documents\\New folder\\movie-box-office\\src\\router\\index.js": {"path":"C:\\Users\\vbellamt\\Documents\\New folder\\movie-box-office\\src\\router\\index.js","statementMap":{"0":{"start":{"line":8,"column":0},"end":{"line":8,"column":19}},"1":{"start":{"line":10,"column":15},"end":{"line":27,"column":1}},"2":{"start":{"line":29,"column":15},"end":{"line":33,"column":2}}},"fnMap":{},"branchMap":{},"s":{"0":1,"1":1,"2":1},"f":{},"b":{},"_coverageSchema":"43e27e138ebf9cfc5966b082cf9a028302ed4184","hash":"5dfed0e54cd49f24cc66d89996c567bc3d221360"}
,"C:\\Users\\vbellamt\\Documents\\New folder\\movie-box-office\\src\\store\\index.js": {"path":"C:\\Users\\vbellamt\\Documents\\New folder\\movie-box-office\\src\\store\\index.js","statementMap":{"0":{"start":{"line":14,"column":14},"end":{"line":21,"column":1}},"1":{"start":{"line":22,"column":18},"end":{"line":49,"column":1}},"2":{"start":{"line":24,"column":4},"end":{"line":24,"column":30}},"3":{"start":{"line":25,"column":4},"end":{"line":25,"column":35}},"4":{"start":{"line":26,"column":4},"end":{"line":26,"column":45}},"5":{"start":{"line":29,"column":4},"end":{"line":29,"column":41}},"6":{"start":{"line":30,"column":4},"end":{"line":30,"column":48}},"7":{"start":{"line":33,"column":4},"end":{"line":33,"column":48}},"8":{"start":{"line":34,"column":4},"end":{"line":34,"column":51}},"9":{"start":{"line":37,"column":4},"end":{"line":37,"column":49}},"10":{"start":{"line":38,"column":4},"end":{"line":38,"column":52}},"11":{"start":{"line":41,"column":4},"end":{"line":41,"column":27}},"12":{"start":{"line":42,"column":4},"end":{"line":42,"column":41}},"13":{"start":{"line":45,"column":4},"end":{"line":45,"column":30}},"14":{"start":{"line":46,"column":4},"end":{"line":46,"column":38}},"15":{"start":{"line":47,"column":4},"end":{"line":47,"column":44}},"16":{"start":{"line":50,"column":18},"end":{"line":96,"column":1}},"17":{"start":{"line":52,"column":7},"end":{"line":61,"column":10}},"18":{"start":{"line":53,"column":10},"end":{"line":53,"column":45}},"19":{"start":{"line":54,"column":30},"end":{"line":56,"column":23}},"20":{"start":{"line":54,"column":65},"end":{"line":54,"column":84}},"21":{"start":{"line":55,"column":27},"end":{"line":55,"column":71}},"22":{"start":{"line":57,"column":10},"end":{"line":57,"column":46}},"23":{"start":{"line":60,"column":10},"end":{"line":60,"column":29}},"24":{"start":{"line":64,"column":6},"end":{"line":69,"column":10}},"25":{"start":{"line":65,"column":8},"end":{"line":65,"column":46}},"26":{"start":{"line":68,"column":10},"end":{"line":68,"column":29}},"27":{"start":{"line":72,"column":6},"end":{"line":78,"column":10}},"28":{"start":{"line":73,"column":8},"end":{"line":73,"column":50}},"29":{"start":{"line":76,"column":10},"end":{"line":76,"column":38}},"30":{"start":{"line":81,"column":6},"end":{"line":86,"column":10}},"31":{"start":{"line":82,"column":8},"end":{"line":82,"column":49}},"32":{"start":{"line":85,"column":10},"end":{"line":85,"column":29}},"33":{"start":{"line":89,"column":6},"end":{"line":94,"column":10}},"34":{"start":{"line":90,"column":8},"end":{"line":90,"column":39}},"35":{"start":{"line":93,"column":10},"end":{"line":93,"column":29}}},"fnMap":{"0":{"name":"(anonymous_0)","decl":{"start":{"line":23,"column":2},"end":{"line":23,"column":3}},"loc":{"start":{"line":23,"column":37},"end":{"line":27,"column":3}},"line":23},"1":{"name":"(anonymous_1)","decl":{"start":{"line":28,"column":2},"end":{"line":28,"column":3}},"loc":{"start":{"line":28,"column":43},"end":{"line":31,"column":3}},"line":28},"2":{"name":"(anonymous_2)","decl":{"start":{"line":32,"column":2},"end":{"line":32,"column":3}},"loc":{"start":{"line":32,"column":51},"end":{"line":35,"column":3}},"line":32},"3":{"name":"(anonymous_3)","decl":{"start":{"line":36,"column":2},"end":{"line":36,"column":3}},"loc":{"start":{"line":36,"column":50},"end":{"line":39,"column":3}},"line":36},"4":{"name":"(anonymous_4)","decl":{"start":{"line":40,"column":2},"end":{"line":40,"column":3}},"loc":{"start":{"line":40,"column":29},"end":{"line":43,"column":3}},"line":40},"5":{"name":"(anonymous_5)","decl":{"start":{"line":44,"column":2},"end":{"line":44,"column":3}},"loc":{"start":{"line":44,"column":40},"end":{"line":48,"column":3}},"line":44},"6":{"name":"(anonymous_6)","decl":{"start":{"line":51,"column":4},"end":{"line":51,"column":5}},"loc":{"start":{"line":51,"column":39},"end":{"line":62,"column":5}},"line":51},"7":{"name":"(anonymous_7)","decl":{"start":{"line":52,"column":26},"end":{"line":52,"column":27}},"loc":{"start":{"line":52,"column":38},"end":{"line":58,"column":7}},"line":52},"8":{"name":"(anonymous_8)","decl":{"start":{"line":54,"column":57},"end":{"line":54,"column":58}},"loc":{"start":{"line":54,"column":65},"end":{"line":54,"column":84}},"line":54},"9":{"name":"(anonymous_9)","decl":{"start":{"line":55,"column":16},"end":{"line":55,"column":17}},"loc":{"start":{"line":55,"column":27},"end":{"line":55,"column":71}},"line":55},"10":{"name":"(anonymous_10)","decl":{"start":{"line":59,"column":15},"end":{"line":59,"column":16}},"loc":{"start":{"line":59,"column":24},"end":{"line":61,"column":9}},"line":59},"11":{"name":"(anonymous_11)","decl":{"start":{"line":63,"column":4},"end":{"line":63,"column":5}},"loc":{"start":{"line":63,"column":43},"end":{"line":70,"column":5}},"line":63},"12":{"name":"(anonymous_12)","decl":{"start":{"line":64,"column":28},"end":{"line":64,"column":29}},"loc":{"start":{"line":64,"column":40},"end":{"line":66,"column":7}},"line":64},"13":{"name":"(anonymous_13)","decl":{"start":{"line":67,"column":15},"end":{"line":67,"column":16}},"loc":{"start":{"line":67,"column":24},"end":{"line":69,"column":9}},"line":67},"14":{"name":"(anonymous_14)","decl":{"start":{"line":71,"column":4},"end":{"line":71,"column":5}},"loc":{"start":{"line":71,"column":51},"end":{"line":79,"column":5}},"line":71},"15":{"name":"(anonymous_15)","decl":{"start":{"line":72,"column":36},"end":{"line":72,"column":37}},"loc":{"start":{"line":72,"column":44},"end":{"line":74,"column":7}},"line":72},"16":{"name":"(anonymous_16)","decl":{"start":{"line":75,"column":15},"end":{"line":75,"column":16}},"loc":{"start":{"line":75,"column":24},"end":{"line":78,"column":9}},"line":75},"17":{"name":"(anonymous_17)","decl":{"start":{"line":80,"column":4},"end":{"line":80,"column":5}},"loc":{"start":{"line":80,"column":54},"end":{"line":87,"column":5}},"line":80},"18":{"name":"(anonymous_18)","decl":{"start":{"line":81,"column":39},"end":{"line":81,"column":40}},"loc":{"start":{"line":81,"column":47},"end":{"line":83,"column":7}},"line":81},"19":{"name":"(anonymous_19)","decl":{"start":{"line":84,"column":15},"end":{"line":84,"column":16}},"loc":{"start":{"line":84,"column":24},"end":{"line":86,"column":9}},"line":84},"20":{"name":"(anonymous_20)","decl":{"start":{"line":88,"column":4},"end":{"line":88,"column":5}},"loc":{"start":{"line":88,"column":47},"end":{"line":95,"column":5}},"line":88},"21":{"name":"(anonymous_21)","decl":{"start":{"line":89,"column":32},"end":{"line":89,"column":33}},"loc":{"start":{"line":89,"column":40},"end":{"line":91,"column":7}},"line":89},"22":{"name":"(anonymous_22)","decl":{"start":{"line":92,"column":15},"end":{"line":92,"column":16}},"loc":{"start":{"line":92,"column":24},"end":{"line":94,"column":9}},"line":92}},"branchMap":{"0":{"loc":{"start":{"line":55,"column":27},"end":{"line":55,"column":71}},"type":"cond-expr","locations":[{"start":{"line":55,"column":65},"end":{"line":55,"column":66}},{"start":{"line":55,"column":69},"end":{"line":55,"column":71}}],"line":55}},"s":{"0":1,"1":1,"2":1,"3":1,"4":1,"5":1,"6":1,"7":1,"8":1,"9":1,"10":1,"11":1,"12":1,"13":1,"14":1,"15":1,"16":1,"17":1,"18":1,"19":1,"20":0,"21":0,"22":0,"23":1,"24":1,"25":1,"26":0,"27":1,"28":1,"29":0,"30":1,"31":1,"32":0,"33":1,"34":1,"35":0},"f":{"0":1,"1":1,"2":1,"3":1,"4":1,"5":1,"6":1,"7":1,"8":0,"9":0,"10":1,"11":1,"12":1,"13":0,"14":1,"15":1,"16":0,"17":1,"18":1,"19":0,"20":1,"21":1,"22":0},"b":{"0":[0,0]},"_coverageSchema":"43e27e138ebf9cfc5966b082cf9a028302ed4184","hash":"72e705069c2722dbfc037d7e4131b7ac3b32c134"}
,"C:\\Users\\vbellamt\\Documents\\New folder\\movie-box-office\\src\\views\\About.vue": {"path":"C:\\Users\\vbellamt\\Documents\\New folder\\movie-box-office\\src\\views\\About.vue","statementMap":{"0":{"start":{"line":111,"column":0},"end":{"line":111,"column":null}},"1":{"start":{"line":118,"column":0},"end":{"line":118,"column":null}},"2":{"start":{"line":119,"column":0},"end":{"line":119,"column":null}},"3":{"start":{"line":123,"column":0},"end":{"line":123,"column":null}},"4":{"start":{"line":126,"column":0},"end":{"line":126,"column":null}},"5":{"start":{"line":127,"column":0},"end":{"line":127,"column":null}},"6":{"start":{"line":130,"column":0},"end":{"line":130,"column":null}},"7":{"start":{"line":131,"column":0},"end":{"line":131,"column":null}}},"fnMap":{"0":{"name":"(anonymous_1)","decl":{"start":{"line":110,"column":0},"end":{"line":110,"column":null}},"loc":{"start":{"line":110,"column":0},"end":{"line":115,"column":null}}},"1":{"name":"(anonymous_2)","decl":{"start":{"line":117,"column":0},"end":{"line":117,"column":null}},"loc":{"start":{"line":117,"column":0},"end":{"line":120,"column":null}}},"2":{"name":"(anonymous_3)","decl":{"start":{"line":122,"column":0},"end":{"line":122,"column":null}},"loc":{"start":{"line":122,"column":0},"end":{"line":124,"column":null}}},"3":{"name":"(anonymous_4)","decl":{"start":{"line":125,"column":0},"end":{"line":125,"column":null}},"loc":{"start":{"line":125,"column":0},"end":{"line":128,"column":null}}},"4":{"name":"(anonymous_5)","decl":{"start":{"line":129,"column":0},"end":{"line":129,"column":null}},"loc":{"start":{"line":129,"column":0},"end":{"line":132,"column":null}}}},"branchMap":{},"s":{"0":5,"1":5,"2":5,"3":1,"4":1,"5":1,"6":1,"7":1},"f":{"0":5,"1":5,"2":1,"3":1,"4":1},"b":{}}
,"C:\\Users\\vbellamt\\Documents\\New folder\\movie-box-office\\src\\views\\Home.vue": {"path":"C:\\Users\\vbellamt\\Documents\\New folder\\movie-box-office\\src\\views\\Home.vue","statementMap":{"0":{"start":{"line":107,"column":0},"end":{"line":107,"column":null}},"1":{"start":{"line":108,"column":0},"end":{"line":108,"column":null}},"2":{"start":{"line":116,"column":0},"end":{"line":116,"column":null}},"3":{"start":{"line":128,"column":0},"end":{"line":128,"column":null}},"4":{"start":{"line":129,"column":0},"end":{"line":129,"column":null}},"5":{"start":{"line":135,"column":0},"end":{"line":135,"column":null}},"6":{"start":{"line":140,"column":0},"end":{"line":140,"column":null}},"7":{"start":{"line":144,"column":0},"end":{"line":144,"column":null}},"8":{"start":{"line":145,"column":0},"end":{"line":154,"column":null}},"9":{"start":{"line":146,"column":0},"end":{"line":146,"column":null}},"10":{"start":{"line":148,"column":0},"end":{"line":148,"column":null}}},"fnMap":{"0":{"name":"(anonymous_1)","decl":{"start":{"line":115,"column":0},"end":{"line":115,"column":null}},"loc":{"start":{"line":115,"column":0},"end":{"line":126,"column":null}}},"1":{"name":"(anonymous_2)","decl":{"start":{"line":127,"column":0},"end":{"line":127,"column":null}},"loc":{"start":{"line":127,"column":0},"end":{"line":137,"column":null}}},"2":{"name":"(anonymous_3)","decl":{"start":{"line":139,"column":0},"end":{"line":139,"column":null}},"loc":{"start":{"line":139,"column":0},"end":{"line":142,"column":null}}},"3":{"name":"(anonymous_4)","decl":{"start":{"line":140,"column":0},"end":{"line":140,"column":null}},"loc":{"start":{"line":140,"column":0},"end":{"line":140,"column":null}}},"4":{"name":"(anonymous_5)","decl":{"start":{"line":143,"column":0},"end":{"line":143,"column":null}},"loc":{"start":{"line":143,"column":0},"end":{"line":155,"column":null}}},"5":{"name":"(anonymous_6)","decl":{"start":{"line":145,"column":0},"end":{"line":145,"column":null}},"loc":{"start":{"line":145,"column":0},"end":{"line":154,"column":null}}},"6":{"name":"(anonymous_7)","decl":{"start":{"line":148,"column":0},"end":{"line":148,"column":null}},"loc":{"start":{"line":148,"column":0},"end":{"line":148,"column":null}}}},"branchMap":{"0":{"loc":{"start":{"line":148,"column":0},"end":{"line":148,"column":null}},"type":"cond-expr","locations":[{"start":{"line":148,"column":0},"end":{"line":148,"column":null}},{"start":{"line":148,"column":0},"end":{"line":148,"column":null}}]}},"s":{"0":2,"1":2,"2":2,"3":2,"4":2,"5":2,"6":6,"7":2,"8":2,"9":10,"10":34},"f":{"0":2,"1":2,"2":2,"3":4,"4":2,"5":10,"6":34},"b":{"0":[2,0]}}
,"C:\\Users\\vbellamt\\Documents\\New folder\\movie-box-office\\src\\views\\PageNotFound.vue": {"path":"C:\\Users\\vbellamt\\Documents\\New folder\\movie-box-office\\src\\views\\PageNotFound.vue","statementMap":{"0":{"start":{"line":20,"column":0},"end":{"line":20,"column":null}}},"fnMap":{"0":{"name":"(anonymous_1)","decl":{"start":{"line":19,"column":0},"end":{"line":19,"column":null}},"loc":{"start":{"line":19,"column":0},"end":{"line":21,"column":null}}}},"branchMap":{},"s":{"0":1},"f":{"0":1},"b":{}}
}
