TN:
SF:C:\Users\vbellamt\Documents\New folder\movie-box-office\src\show.service.js
FN:2,getshow
FN:5,viewShowDetails
FN:9,viewEpisodeDetails
FN:13,getAllShows
FN:17,castDetails
FNF:5
FNH:0
FNDA:0,getshow
FNDA:0,viewShowDetails
FNDA:0,viewEpisodeDetails
FNDA:0,getAllShows
FNDA:0,castDetails
DA:3,0
DA:6,0
DA:7,0
DA:10,0
DA:11,0
DA:14,0
DA:15,0
DA:19,0
LF:8
LH:0
BRF:0
BRH:0
end_of_record
TN:
SF:C:\Users\vbellamt\Documents\New folder\movie-box-office\src\components\Header.vue
FNF:0
FNH:0
DA:23,2
LF:1
LH:1
BRF:0
BRH:0
end_of_record
TN:
SF:C:\Users\vbellamt\Documents\New folder\movie-box-office\src\components\Search.vue
FN:16,(anonymous_1)
FN:22,(anonymous_2)
FNF:2
FNH:2
FNDA:3,(anonymous_1)
FNDA:2,(anonymous_2)
DA:17,3
DA:25,2
LF:2
LH:2
BRF:0
BRH:0
end_of_record
TN:
SF:C:\Users\vbellamt\Documents\New folder\movie-box-office\src\router\index.js
FNF:0
FNH:0
DA:8,1
DA:10,1
DA:29,1
LF:3
LH:3
BRF:0
BRH:0
end_of_record
TN:
SF:C:\Users\vbellamt\Documents\New folder\movie-box-office\src\store\index.js
FN:23,(anonymous_0)
FN:28,(anonymous_1)
FN:32,(anonymous_2)
FN:36,(anonymous_3)
FN:40,(anonymous_4)
FN:44,(anonymous_5)
FN:51,(anonymous_6)
FN:52,(anonymous_7)
FN:54,(anonymous_8)
FN:55,(anonymous_9)
FN:59,(anonymous_10)
FN:63,(anonymous_11)
FN:64,(anonymous_12)
FN:67,(anonymous_13)
FN:71,(anonymous_14)
FN:72,(anonymous_15)
FN:75,(anonymous_16)
FN:80,(anonymous_17)
FN:81,(anonymous_18)
FN:84,(anonymous_19)
FN:88,(anonymous_20)
FN:89,(anonymous_21)
FN:92,(anonymous_22)
FNF:23
FNH:17
FNDA:1,(anonymous_0)
FNDA:1,(anonymous_1)
FNDA:1,(anonymous_2)
FNDA:1,(anonymous_3)
FNDA:1,(anonymous_4)
FNDA:1,(anonymous_5)
FNDA:1,(anonymous_6)
FNDA:1,(anonymous_7)
FNDA:0,(anonymous_8)
FNDA:0,(anonymous_9)
FNDA:1,(anonymous_10)
FNDA:1,(anonymous_11)
FNDA:1,(anonymous_12)
FNDA:0,(anonymous_13)
FNDA:1,(anonymous_14)
FNDA:1,(anonymous_15)
FNDA:0,(anonymous_16)
FNDA:1,(anonymous_17)
FNDA:1,(anonymous_18)
FNDA:0,(anonymous_19)
FNDA:1,(anonymous_20)
FNDA:1,(anonymous_21)
FNDA:0,(anonymous_22)
DA:14,1
DA:22,1
DA:24,1
DA:25,1
DA:26,1
DA:29,1
DA:30,1
DA:33,1
DA:34,1
DA:37,1
DA:38,1
DA:41,1
DA:42,1
DA:45,1
DA:46,1
DA:47,1
DA:50,1
DA:52,1
DA:53,1
DA:54,1
DA:55,0
DA:57,0
DA:60,1
DA:64,1
DA:65,1
DA:68,0
DA:72,1
DA:73,1
DA:76,0
DA:81,1
DA:82,1
DA:85,0
DA:89,1
DA:90,1
DA:93,0
LF:35
LH:29
BRDA:55,0,0,0
BRDA:55,0,1,0
BRF:2
BRH:0
end_of_record
TN:
SF:C:\Users\vbellamt\Documents\New folder\movie-box-office\src\views\About.vue
FN:110,(anonymous_1)
FN:117,(anonymous_2)
FN:122,(anonymous_3)
FN:125,(anonymous_4)
FN:129,(anonymous_5)
FNF:5
FNH:5
FNDA:5,(anonymous_1)
FNDA:5,(anonymous_2)
FNDA:1,(anonymous_3)
FNDA:1,(anonymous_4)
FNDA:1,(anonymous_5)
DA:111,5
DA:118,5
DA:119,5
DA:123,1
DA:126,1
DA:127,1
DA:130,1
DA:131,1
LF:8
LH:8
BRF:0
BRH:0
end_of_record
TN:
SF:C:\Users\vbellamt\Documents\New folder\movie-box-office\src\views\Home.vue
FN:115,(anonymous_1)
FN:127,(anonymous_2)
FN:139,(anonymous_3)
FN:140,(anonymous_4)
FN:143,(anonymous_5)
FN:145,(anonymous_6)
FN:148,(anonymous_7)
FNF:7
FNH:7
FNDA:2,(anonymous_1)
FNDA:2,(anonymous_2)
FNDA:2,(anonymous_3)
FNDA:4,(anonymous_4)
FNDA:2,(anonymous_5)
FNDA:10,(anonymous_6)
FNDA:34,(anonymous_7)
DA:107,2
DA:108,2
DA:116,2
DA:128,2
DA:129,2
DA:135,2
DA:140,6
DA:144,2
DA:145,2
DA:146,10
DA:148,34
LF:11
LH:11
BRDA:148,0,0,2
BRDA:148,0,1,0
BRF:2
BRH:1
end_of_record
TN:
SF:C:\Users\vbellamt\Documents\New folder\movie-box-office\src\views\PageNotFound.vue
FN:19,(anonymous_1)
FNF:1
FNH:1
FNDA:1,(anonymous_1)
DA:20,1
LF:1
LH:1
BRF:0
BRH:0
end_of_record
